[35m[1mConsolidate compiler generated dependencies of target cpp_node_exec[0m
[ 50%] [32mBuilding CXX object CMakeFiles/cpp_node_exec.dir/src/my_first_node.cpp.o[0m
[100%] [32m[1mLinking CXX executable cpp_node_exec[0m
[100%] Built target cpp_node_exec
-- Install configuration: ""
-- Execute custom install script
-- Up-to-date symlink: /home/khanh/Documents/ros2_basic/ros2_ws/install/my_cpp_pkg/lib/my_cpp_pkg/cpp_node_exec
-- Up-to-date symlink: /home/khanh/Documents/ros2_basic/ros2_ws/install/my_cpp_pkg/share/ament_index/resource_index/package_run_dependencies/my_cpp_pkg
-- Up-to-date symlink: /home/khanh/Documents/ros2_basic/ros2_ws/install/my_cpp_pkg/share/ament_index/resource_index/parent_prefix_path/my_cpp_pkg
-- Up-to-date symlink: /home/khanh/Documents/ros2_basic/ros2_ws/install/my_cpp_pkg/share/my_cpp_pkg/environment/ament_prefix_path.sh
-- Up-to-date symlink: /home/khanh/Documents/ros2_basic/ros2_ws/install/my_cpp_pkg/share/my_cpp_pkg/environment/ament_prefix_path.dsv
-- Up-to-date symlink: /home/khanh/Documents/ros2_basic/ros2_ws/install/my_cpp_pkg/share/my_cpp_pkg/environment/path.sh
-- Up-to-date symlink: /home/khanh/Documents/ros2_basic/ros2_ws/install/my_cpp_pkg/share/my_cpp_pkg/environment/path.dsv
-- Up-to-date symlink: /home/khanh/Documents/ros2_basic/ros2_ws/install/my_cpp_pkg/share/my_cpp_pkg/local_setup.bash
-- Up-to-date symlink: /home/khanh/Documents/ros2_basic/ros2_ws/install/my_cpp_pkg/share/my_cpp_pkg/local_setup.sh
-- Up-to-date symlink: /home/khanh/Documents/ros2_basic/ros2_ws/install/my_cpp_pkg/share/my_cpp_pkg/local_setup.zsh
-- Up-to-date symlink: /home/khanh/Documents/ros2_basic/ros2_ws/install/my_cpp_pkg/share/my_cpp_pkg/local_setup.dsv
-- Symlinking: /home/khanh/Documents/ros2_basic/ros2_ws/install/my_cpp_pkg/share/my_cpp_pkg/package.dsv
-- Up-to-date symlink: /home/khanh/Documents/ros2_basic/ros2_ws/install/my_cpp_pkg/share/ament_index/resource_index/packages/my_cpp_pkg
-- Up-to-date symlink: /home/khanh/Documents/ros2_basic/ros2_ws/install/my_cpp_pkg/share/my_cpp_pkg/cmake/my_cpp_pkgConfig.cmake
-- Up-to-date symlink: /home/khanh/Documents/ros2_basic/ros2_ws/install/my_cpp_pkg/share/my_cpp_pkg/cmake/my_cpp_pkgConfig-version.cmake
-- Up-to-date symlink: /home/khanh/Documents/ros2_basic/ros2_ws/install/my_cpp_pkg/share/my_cpp_pkg/package.xml
