[0.471s] Invoking command in '/home/khanh/Documents/ros2_basic/ros2_ws/src/my_py_pkg': CONDA_PROMPT_MODIFIER=(base) PYTHONPATH=/home/khanh/Documents/ros2_basic/ros2_ws/build/my_py_pkg/prefix_override:/home/khanh/Documents/ros2_basic/ros2_ws/install/my_py_pkg/lib/python3.10/site-packages:${PYTHONPATH} /usr/bin/python3 setup.py egg_info --egg-base ../../build/my_py_pkg build --build-base /home/khanh/Documents/ros2_basic/ros2_ws/build/my_py_pkg/build install --record /home/khanh/Documents/ros2_basic/ros2_ws/build/my_py_pkg/install.log --single-version-externally-managed
[0.670s] running egg_info
[0.670s] creating ../../build/my_py_pkg/my_py_pkg.egg-info
[0.671s] writing ../../build/my_py_pkg/my_py_pkg.egg-info/PKG-INFO
[0.671s] writing dependency_links to ../../build/my_py_pkg/my_py_pkg.egg-info/dependency_links.txt
[0.671s] writing entry points to ../../build/my_py_pkg/my_py_pkg.egg-info/entry_points.txt
[0.671s] writing requirements to ../../build/my_py_pkg/my_py_pkg.egg-info/requires.txt
[0.671s] writing top-level names to ../../build/my_py_pkg/my_py_pkg.egg-info/top_level.txt
[0.671s] writing manifest file '../../build/my_py_pkg/my_py_pkg.egg-info/SOURCES.txt'
[0.673s] reading manifest file '../../build/my_py_pkg/my_py_pkg.egg-info/SOURCES.txt'
[0.673s] writing manifest file '../../build/my_py_pkg/my_py_pkg.egg-info/SOURCES.txt'
[0.673s] running build
[0.673s] running build_py
[0.674s] creating /home/khanh/Documents/ros2_basic/ros2_ws/build/my_py_pkg/build
[0.674s] creating /home/khanh/Documents/ros2_basic/ros2_ws/build/my_py_pkg/build/lib
[0.674s] creating /home/khanh/Documents/ros2_basic/ros2_ws/build/my_py_pkg/build/lib/my_py_pkg
[0.674s] copying my_py_pkg/__init__.py -> /home/khanh/Documents/ros2_basic/ros2_ws/build/my_py_pkg/build/lib/my_py_pkg
[0.674s] running install
[0.674s] /usr/lib/python3/dist-packages/setuptools/command/install.py:34: SetuptoolsDeprecationWarning: setup.py install is deprecated. Use build and pip and other standards-based tools.
[0.674s]   warnings.warn(
[0.674s] running install_lib
[0.675s] creating /home/khanh/Documents/ros2_basic/ros2_ws/install/my_py_pkg/lib/python3.10/site-packages/my_py_pkg
[0.675s] copying /home/khanh/Documents/ros2_basic/ros2_ws/build/my_py_pkg/build/lib/my_py_pkg/__init__.py -> /home/khanh/Documents/ros2_basic/ros2_ws/install/my_py_pkg/lib/python3.10/site-packages/my_py_pkg
[0.675s] byte-compiling /home/khanh/Documents/ros2_basic/ros2_ws/install/my_py_pkg/lib/python3.10/site-packages/my_py_pkg/__init__.py to __init__.cpython-310.pyc
[0.675s] running install_data
[0.676s] creating /home/khanh/Documents/ros2_basic/ros2_ws/install/my_py_pkg/share/ament_index
[0.676s] creating /home/khanh/Documents/ros2_basic/ros2_ws/install/my_py_pkg/share/ament_index/resource_index
[0.676s] creating /home/khanh/Documents/ros2_basic/ros2_ws/install/my_py_pkg/share/ament_index/resource_index/packages
[0.676s] copying resource/my_py_pkg -> /home/khanh/Documents/ros2_basic/ros2_ws/install/my_py_pkg/share/ament_index/resource_index/packages
[0.676s] copying package.xml -> /home/khanh/Documents/ros2_basic/ros2_ws/install/my_py_pkg/share/my_py_pkg
[0.676s] running install_egg_info
[0.677s] Copying ../../build/my_py_pkg/my_py_pkg.egg-info to /home/khanh/Documents/ros2_basic/ros2_ws/install/my_py_pkg/lib/python3.10/site-packages/my_py_pkg-0.0.0-py3.10.egg-info
[0.678s] running install_scripts
[0.694s] writing list of installed files to '/home/khanh/Documents/ros2_basic/ros2_ws/build/my_py_pkg/install.log'
[0.722s] Invoked command in '/home/khanh/Documents/ros2_basic/ros2_ws/src/my_py_pkg' returned '0': CONDA_PROMPT_MODIFIER=(base) PYTHONPATH=/home/khanh/Documents/ros2_basic/ros2_ws/build/my_py_pkg/prefix_override:/home/khanh/Documents/ros2_basic/ros2_ws/install/my_py_pkg/lib/python3.10/site-packages:${PYTHONPATH} /usr/bin/python3 setup.py egg_info --egg-base ../../build/my_py_pkg build --build-base /home/khanh/Documents/ros2_basic/ros2_ws/build/my_py_pkg/build install --record /home/khanh/Documents/ros2_basic/ros2_ws/build/my_py_pkg/install.log --single-version-externally-managed
