[0.482s] Invoking command in '/home/khanh/Documents/ros2_basic/ros2_ws/src/my_py_pkg': CONDA_PROMPT_MODIFIER=(base) PYTHONPATH=/home/khanh/Documents/ros2_basic/ros2_ws/build/my_py_pkg/prefix_override:/home/khanh/Documents/ros2_basic/ros2_ws/install/my_py_pkg/lib/python3.10/site-packages:${PYTHONPATH} /usr/bin/python3 setup.py egg_info --egg-base ../../build/my_py_pkg build --build-base /home/khanh/Documents/ros2_basic/ros2_ws/build/my_py_pkg/build install --record /home/khanh/Documents/ros2_basic/ros2_ws/build/my_py_pkg/install.log --single-version-externally-managed
[0.657s] running egg_info
[0.658s] writing ../../build/my_py_pkg/my_py_pkg.egg-info/PKG-INFO
[0.658s] writing dependency_links to ../../build/my_py_pkg/my_py_pkg.egg-info/dependency_links.txt
[0.658s] writing entry points to ../../build/my_py_pkg/my_py_pkg.egg-info/entry_points.txt
[0.658s] writing requirements to ../../build/my_py_pkg/my_py_pkg.egg-info/requires.txt
[0.658s] writing top-level names to ../../build/my_py_pkg/my_py_pkg.egg-info/top_level.txt
[0.659s] reading manifest file '../../build/my_py_pkg/my_py_pkg.egg-info/SOURCES.txt'
[0.660s] writing manifest file '../../build/my_py_pkg/my_py_pkg.egg-info/SOURCES.txt'
[0.660s] running build
[0.660s] running build_py
[0.660s] copying my_py_pkg/my_first_node.py -> /home/khanh/Documents/ros2_basic/ros2_ws/build/my_py_pkg/build/lib/my_py_pkg
[0.661s] running install
[0.661s] running install_lib
[0.661s] /usr/lib/python3/dist-packages/setuptools/command/install.py:34: SetuptoolsDeprecationWarning: setup.py install is deprecated. Use build and pip and other standards-based tools.
[0.661s]   warnings.warn(
[0.661s] copying /home/khanh/Documents/ros2_basic/ros2_ws/build/my_py_pkg/build/lib/my_py_pkg/my_first_node.py -> /home/khanh/Documents/ros2_basic/ros2_ws/install/my_py_pkg/lib/python3.10/site-packages/my_py_pkg
[0.662s] byte-compiling /home/khanh/Documents/ros2_basic/ros2_ws/install/my_py_pkg/lib/python3.10/site-packages/my_py_pkg/my_first_node.py to my_first_node.cpython-310.pyc
[0.662s] running install_data
[0.662s] running install_egg_info
[0.663s] removing '/home/khanh/Documents/ros2_basic/ros2_ws/install/my_py_pkg/lib/python3.10/site-packages/my_py_pkg-0.0.0-py3.10.egg-info' (and everything under it)
[0.664s] Copying ../../build/my_py_pkg/my_py_pkg.egg-info to /home/khanh/Documents/ros2_basic/ros2_ws/install/my_py_pkg/lib/python3.10/site-packages/my_py_pkg-0.0.0-py3.10.egg-info
[0.664s] running install_scripts
[0.680s] writing list of installed files to '/home/khanh/Documents/ros2_basic/ros2_ws/build/my_py_pkg/install.log'
[0.709s] Invoked command in '/home/khanh/Documents/ros2_basic/ros2_ws/src/my_py_pkg' returned '0': CONDA_PROMPT_MODIFIER=(base) PYTHONPATH=/home/khanh/Documents/ros2_basic/ros2_ws/build/my_py_pkg/prefix_override:/home/khanh/Documents/ros2_basic/ros2_ws/install/my_py_pkg/lib/python3.10/site-packages:${PYTHONPATH} /usr/bin/python3 setup.py egg_info --egg-base ../../build/my_py_pkg build --build-base /home/khanh/Documents/ros2_basic/ros2_ws/build/my_py_pkg/build install --record /home/khanh/Documents/ros2_basic/ros2_ws/build/my_py_pkg/install.log --single-version-externally-managed
