[0.017s] Invoking command in '/home/khanh/Documents/ros2_basic/ros2_ws/build/my_cpp_pkg': CMAKE_PREFIX_PATH=/opt/ros/humble CONDA_PROMPT_MODIFIER=(base) /usr/bin/cmake --build /home/khanh/Documents/ros2_basic/ros2_ws/build/my_cpp_pkg -- -j12 -l12
[0.221s] Invoked command in '/home/khanh/Documents/ros2_basic/ros2_ws/build/my_cpp_pkg' returned '0': CMAKE_PREFIX_PATH=/opt/ros/humble CONDA_PROMPT_MODIFIER=(base) /usr/bin/cmake --build /home/khanh/Documents/ros2_basic/ros2_ws/build/my_cpp_pkg -- -j12 -l12
[0.248s] Invoking command in '/home/khanh/Documents/ros2_basic/ros2_ws/build/my_cpp_pkg': CMAKE_PREFIX_PATH=/opt/ros/humble CONDA_PROMPT_MODIFIER=(base) /usr/bin/cmake --install /home/khanh/Documents/ros2_basic/ros2_ws/build/my_cpp_pkg
[0.259s] -- Install configuration: ""
[0.259s] -- Up-to-date: /home/khanh/Documents/ros2_basic/ros2_ws/install/my_cpp_pkg/share/ament_index/resource_index/package_run_dependencies/my_cpp_pkg
[0.259s] -- Up-to-date: /home/khanh/Documents/ros2_basic/ros2_ws/install/my_cpp_pkg/share/ament_index/resource_index/parent_prefix_path/my_cpp_pkg
[0.260s] -- Up-to-date: /home/khanh/Documents/ros2_basic/ros2_ws/install/my_cpp_pkg/share/my_cpp_pkg/environment/ament_prefix_path.sh
[0.260s] -- Up-to-date: /home/khanh/Documents/ros2_basic/ros2_ws/install/my_cpp_pkg/share/my_cpp_pkg/environment/ament_prefix_path.dsv
[0.260s] -- Up-to-date: /home/khanh/Documents/ros2_basic/ros2_ws/install/my_cpp_pkg/share/my_cpp_pkg/environment/path.sh
[0.260s] -- Up-to-date: /home/khanh/Documents/ros2_basic/ros2_ws/install/my_cpp_pkg/share/my_cpp_pkg/environment/path.dsv
[0.260s] -- Up-to-date: /home/khanh/Documents/ros2_basic/ros2_ws/install/my_cpp_pkg/share/my_cpp_pkg/local_setup.bash
[0.260s] -- Up-to-date: /home/khanh/Documents/ros2_basic/ros2_ws/install/my_cpp_pkg/share/my_cpp_pkg/local_setup.sh
[0.261s] -- Up-to-date: /home/khanh/Documents/ros2_basic/ros2_ws/install/my_cpp_pkg/share/my_cpp_pkg/local_setup.zsh
[0.261s] -- Up-to-date: /home/khanh/Documents/ros2_basic/ros2_ws/install/my_cpp_pkg/share/my_cpp_pkg/local_setup.dsv
[0.261s] -- Installing: /home/khanh/Documents/ros2_basic/ros2_ws/install/my_cpp_pkg/share/my_cpp_pkg/package.dsv
[0.261s] -- Up-to-date: /home/khanh/Documents/ros2_basic/ros2_ws/install/my_cpp_pkg/share/ament_index/resource_index/packages/my_cpp_pkg
[0.261s] -- Up-to-date: /home/khanh/Documents/ros2_basic/ros2_ws/install/my_cpp_pkg/share/my_cpp_pkg/cmake/my_cpp_pkgConfig.cmake
[0.261s] -- Up-to-date: /home/khanh/Documents/ros2_basic/ros2_ws/install/my_cpp_pkg/share/my_cpp_pkg/cmake/my_cpp_pkgConfig-version.cmake
[0.261s] -- Up-to-date: /home/khanh/Documents/ros2_basic/ros2_ws/install/my_cpp_pkg/share/my_cpp_pkg/package.xml
[0.264s] Invoked command in '/home/khanh/Documents/ros2_basic/ros2_ws/build/my_cpp_pkg' returned '0': CMAKE_PREFIX_PATH=/opt/ros/humble CONDA_PROMPT_MODIFIER=(base) /usr/bin/cmake --install /home/khanh/Documents/ros2_basic/ros2_ws/build/my_cpp_pkg
