[0.490s] Invoking command in '/home/khanh/Documents/ros2_basic/ros2_ws/src/my_py_pkg': CONDA_PROMPT_MODIFIER=(base) PYTHONPATH=/home/khanh/Documents/ros2_basic/ros2_ws/build/my_py_pkg/prefix_override:/home/khanh/Documents/ros2_basic/ros2_ws/install/my_py_pkg/lib/python3.10/site-packages:${PYTHONPATH} /usr/bin/python3 setup.py egg_info --egg-base ../../build/my_py_pkg build --build-base /home/khanh/Documents/ros2_basic/ros2_ws/build/my_py_pkg/build install --record /home/khanh/Documents/ros2_basic/ros2_ws/build/my_py_pkg/install.log --single-version-externally-managed
[0.662s] running egg_info
[0.663s] writing ../../build/my_py_pkg/my_py_pkg.egg-info/PKG-INFO
[0.663s] writing dependency_links to ../../build/my_py_pkg/my_py_pkg.egg-info/dependency_links.txt
[0.663s] writing entry points to ../../build/my_py_pkg/my_py_pkg.egg-info/entry_points.txt
[0.663s] writing requirements to ../../build/my_py_pkg/my_py_pkg.egg-info/requires.txt
[0.663s] writing top-level names to ../../build/my_py_pkg/my_py_pkg.egg-info/top_level.txt
[0.664s] reading manifest file '../../build/my_py_pkg/my_py_pkg.egg-info/SOURCES.txt'
[0.665s] writing manifest file '../../build/my_py_pkg/my_py_pkg.egg-info/SOURCES.txt'
[0.665s] running build
[0.665s] running build_py
[0.665s] running install
[0.666s] /usr/lib/python3/dist-packages/setuptools/command/install.py:34: SetuptoolsDeprecationWarning: setup.py install is deprecated. Use build and pip and other standards-based tools.
[0.666s]   warnings.warn(
[0.666s] running install_lib
[0.666s] running install_data
[0.666s] running install_egg_info
[0.667s] removing '/home/khanh/Documents/ros2_basic/ros2_ws/install/my_py_pkg/lib/python3.10/site-packages/my_py_pkg-0.0.0-py3.10.egg-info' (and everything under it)
[0.668s] Copying ../../build/my_py_pkg/my_py_pkg.egg-info to /home/khanh/Documents/ros2_basic/ros2_ws/install/my_py_pkg/lib/python3.10/site-packages/my_py_pkg-0.0.0-py3.10.egg-info
[0.668s] running install_scripts
[0.684s] writing list of installed files to '/home/khanh/Documents/ros2_basic/ros2_ws/build/my_py_pkg/install.log'
[0.711s] Invoked command in '/home/khanh/Documents/ros2_basic/ros2_ws/src/my_py_pkg' returned '0': CONDA_PROMPT_MODIFIER=(base) PYTHONPATH=/home/khanh/Documents/ros2_basic/ros2_ws/build/my_py_pkg/prefix_override:/home/khanh/Documents/ros2_basic/ros2_ws/install/my_py_pkg/lib/python3.10/site-packages:${PYTHONPATH} /usr/bin/python3 setup.py egg_info --egg-base ../../build/my_py_pkg build --build-base /home/khanh/Documents/ros2_basic/ros2_ws/build/my_py_pkg/build install --record /home/khanh/Documents/ros2_basic/ros2_ws/build/my_py_pkg/install.log --single-version-externally-managed
