[0.548s] Invoking command in '/home/khanh/Documents/ros2_basic/ros2_ws/build/my_py_pkg': CONDA_PROMPT_MODIFIER=(base) PYTHONPATH=/home/khanh/Documents/ros2_basic/ros2_ws/build/my_py_pkg/prefix_override:/home/khanh/Documents/ros2_basic/ros2_ws/install/my_py_pkg/lib/python3.10/site-packages:${PYTHONPATH} /usr/bin/python3 setup.py develop --editable --build-directory /home/khanh/Documents/ros2_basic/ros2_ws/build/my_py_pkg/build --no-deps install_data
[0.754s] running develop
[0.755s] /usr/lib/python3/dist-packages/setuptools/command/easy_install.py:158: EasyInstallDeprecationWarning: easy_install command is deprecated. Use build and pip and other standards-based tools.
[0.755s]   warnings.warn(
[0.756s] /usr/lib/python3/dist-packages/setuptools/command/install.py:34: SetuptoolsDeprecationWarning: setup.py install is deprecated. Use build and pip and other standards-based tools.
[0.756s]   warnings.warn(
[0.797s] /usr/lib/python3/dist-packages/pkg_resources/__init__.py:116: PkgResourcesDeprecationWarning: 0.1.43ubuntu1 is an invalid version and will not be supported in a future release
[0.797s]   warnings.warn(
[0.798s] /usr/lib/python3/dist-packages/pkg_resources/__init__.py:116: PkgResourcesDeprecationWarning: 1.1build1 is an invalid version and will not be supported in a future release
[0.798s]   warnings.warn(
[0.872s] running egg_info
[0.873s] writing my_py_pkg.egg-info/PKG-INFO
[0.873s] writing dependency_links to my_py_pkg.egg-info/dependency_links.txt
[0.873s] writing entry points to my_py_pkg.egg-info/entry_points.txt
[0.873s] writing requirements to my_py_pkg.egg-info/requires.txt
[0.873s] writing top-level names to my_py_pkg.egg-info/top_level.txt
[0.874s] reading manifest file 'my_py_pkg.egg-info/SOURCES.txt'
[0.875s] writing manifest file 'my_py_pkg.egg-info/SOURCES.txt'
[0.876s] running build_ext
[0.876s] Creating /home/khanh/Documents/ros2_basic/ros2_ws/install/my_py_pkg/lib/python3.10/site-packages/my-py-pkg.egg-link (link to .)
[0.877s] Installing my_first_node_exec script to /home/khanh/Documents/ros2_basic/ros2_ws/install/my_py_pkg/lib/my_py_pkg
[0.877s] 
[0.877s] Installed /home/khanh/Documents/ros2_basic/ros2_ws/build/my_py_pkg
[0.877s] running install_data
[0.909s] Invoked command in '/home/khanh/Documents/ros2_basic/ros2_ws/build/my_py_pkg' returned '0': CONDA_PROMPT_MODIFIER=(base) PYTHONPATH=/home/khanh/Documents/ros2_basic/ros2_ws/build/my_py_pkg/prefix_override:/home/khanh/Documents/ros2_basic/ros2_ws/install/my_py_pkg/lib/python3.10/site-packages:${PYTHONPATH} /usr/bin/python3 setup.py develop --editable --build-directory /home/khanh/Documents/ros2_basic/ros2_ws/build/my_py_pkg/build --no-deps install_data
