[0.014s] Invoking command in '/home/khanh/Documents/ros2_basic/ros2_ws/build/my_cpp_pkg': CMAKE_PREFIX_PATH=${CMAKE_PREFIX_PATH}:/home/khanh/Documents/ros2_basic/ros2_ws/install/my_py_pkg:/opt/ros/humble CONDA_PROMPT_MODIFIER=(base) /usr/bin/cmake /home/khanh/Documents/ros2_basic/ros2_ws/src/my_cpp_pkg -DCMAKE_INSTALL_PREFIX=/home/khanh/Documents/ros2_basic/ros2_ws/install/my_cpp_pkg
[0.070s] -- The C compiler identification is GNU 11.3.0
[0.156s] -- The CXX compiler identification is GNU 11.3.0
[0.163s] -- Detecting C compiler ABI info
[0.243s] -- Detecting C compiler ABI info - done
[0.250s] -- Check for working C compiler: /usr/bin/cc - skipped
[0.250s] -- Detecting C compile features
[0.250s] -- Detecting C compile features - done
[0.253s] -- Detecting CXX compiler ABI info
[0.320s] -- Detecting CXX compiler ABI info - done
[0.328s] -- Check for working CXX compiler: /usr/bin/c++ - skipped
[0.328s] -- Detecting CXX compile features
[0.328s] -- Detecting CXX compile features - done
[0.330s] -- Found ament_cmake: 1.3.3 (/opt/ros/humble/share/ament_cmake/cmake)
[0.515s] -- Found Python3: /usr/bin/python3.10 (found version "3.10.6") found components: Interpreter 
[0.601s] -- Found rclcpp: 16.0.3 (/opt/ros/humble/share/rclcpp/cmake)
[0.640s] -- Found rosidl_generator_c: 3.1.4 (/opt/ros/humble/share/rosidl_generator_c/cmake)
[0.645s] -- Found rosidl_adapter: 3.1.4 (/opt/ros/humble/share/rosidl_adapter/cmake)
[0.653s] -- Found rosidl_generator_cpp: 3.1.4 (/opt/ros/humble/share/rosidl_generator_cpp/cmake)
[0.667s] -- Using all available rosidl_typesupport_c: rosidl_typesupport_fastrtps_c;rosidl_typesupport_introspection_c
[0.685s] -- Using all available rosidl_typesupport_cpp: rosidl_typesupport_fastrtps_cpp;rosidl_typesupport_introspection_cpp
[0.754s] -- Found rmw_implementation_cmake: 6.1.1 (/opt/ros/humble/share/rmw_implementation_cmake/cmake)
[0.757s] -- Found rmw_fastrtps_cpp: 6.2.2 (/opt/ros/humble/share/rmw_fastrtps_cpp/cmake)
[0.851s] -- Found OpenSSL: /usr/lib/x86_64-linux-gnu/libcrypto.so (found version "3.0.2")  
[0.875s] -- Found FastRTPS: /opt/ros/humble/include  
[0.917s] -- Using RMW implementation 'rmw_fastrtps_cpp' as default
[0.926s] -- Looking for pthread.h
[0.984s] -- Looking for pthread.h - found
[0.985s] -- Performing Test CMAKE_HAVE_LIBC_PTHREAD
[1.047s] -- Performing Test CMAKE_HAVE_LIBC_PTHREAD - Success
[1.048s] -- Found Threads: TRUE  
[1.196s] -- Found ament_lint_auto: 0.12.5 (/opt/ros/humble/share/ament_lint_auto/cmake)
[1.291s] -- Added test 'lint_cmake' to check CMake code style
[1.291s] -- Added test 'xmllint' to check XML markup files
[1.292s] -- Configuring done
[1.296s] -- Generating done
[1.297s] -- Build files have been written to: /home/khanh/Documents/ros2_basic/ros2_ws/build/my_cpp_pkg
[1.306s] Invoked command in '/home/khanh/Documents/ros2_basic/ros2_ws/build/my_cpp_pkg' returned '0': CMAKE_PREFIX_PATH=${CMAKE_PREFIX_PATH}:/home/khanh/Documents/ros2_basic/ros2_ws/install/my_py_pkg:/opt/ros/humble CONDA_PROMPT_MODIFIER=(base) /usr/bin/cmake /home/khanh/Documents/ros2_basic/ros2_ws/src/my_cpp_pkg -DCMAKE_INSTALL_PREFIX=/home/khanh/Documents/ros2_basic/ros2_ws/install/my_cpp_pkg
[1.308s] Invoking command in '/home/khanh/Documents/ros2_basic/ros2_ws/build/my_cpp_pkg': CMAKE_PREFIX_PATH=${CMAKE_PREFIX_PATH}:/home/khanh/Documents/ros2_basic/ros2_ws/install/my_py_pkg:/opt/ros/humble CONDA_PROMPT_MODIFIER=(base) /usr/bin/cmake --build /home/khanh/Documents/ros2_basic/ros2_ws/build/my_cpp_pkg -- -j12 -l12
[1.343s] Invoked command in '/home/khanh/Documents/ros2_basic/ros2_ws/build/my_cpp_pkg' returned '0': CMAKE_PREFIX_PATH=${CMAKE_PREFIX_PATH}:/home/khanh/Documents/ros2_basic/ros2_ws/install/my_py_pkg:/opt/ros/humble CONDA_PROMPT_MODIFIER=(base) /usr/bin/cmake --build /home/khanh/Documents/ros2_basic/ros2_ws/build/my_cpp_pkg -- -j12 -l12
[1.367s] Invoking command in '/home/khanh/Documents/ros2_basic/ros2_ws/build/my_cpp_pkg': CMAKE_PREFIX_PATH=${CMAKE_PREFIX_PATH}:/home/khanh/Documents/ros2_basic/ros2_ws/install/my_py_pkg:/opt/ros/humble CONDA_PROMPT_MODIFIER=(base) /usr/bin/cmake --install /home/khanh/Documents/ros2_basic/ros2_ws/build/my_cpp_pkg
[1.372s] -- Install configuration: ""
[1.372s] -- Installing: /home/khanh/Documents/ros2_basic/ros2_ws/install/my_cpp_pkg/share/ament_index/resource_index/package_run_dependencies/my_cpp_pkg
[1.372s] -- Installing: /home/khanh/Documents/ros2_basic/ros2_ws/install/my_cpp_pkg/share/ament_index/resource_index/parent_prefix_path/my_cpp_pkg
[1.373s] -- Installing: /home/khanh/Documents/ros2_basic/ros2_ws/install/my_cpp_pkg/share/my_cpp_pkg/environment/ament_prefix_path.sh
[1.373s] -- Installing: /home/khanh/Documents/ros2_basic/ros2_ws/install/my_cpp_pkg/share/my_cpp_pkg/environment/ament_prefix_path.dsv
[1.373s] -- Installing: /home/khanh/Documents/ros2_basic/ros2_ws/install/my_cpp_pkg/share/my_cpp_pkg/environment/path.sh
[1.373s] -- Installing: /home/khanh/Documents/ros2_basic/ros2_ws/install/my_cpp_pkg/share/my_cpp_pkg/environment/path.dsv
[1.373s] -- Installing: /home/khanh/Documents/ros2_basic/ros2_ws/install/my_cpp_pkg/share/my_cpp_pkg/local_setup.bash
[1.374s] -- Installing: /home/khanh/Documents/ros2_basic/ros2_ws/install/my_cpp_pkg/share/my_cpp_pkg/local_setup.sh
[1.374s] -- Installing: /home/khanh/Documents/ros2_basic/ros2_ws/install/my_cpp_pkg/share/my_cpp_pkg/local_setup.zsh
[1.374s] -- Installing: /home/khanh/Documents/ros2_basic/ros2_ws/install/my_cpp_pkg/share/my_cpp_pkg/local_setup.dsv
[1.374s] -- Installing: /home/khanh/Documents/ros2_basic/ros2_ws/install/my_cpp_pkg/share/my_cpp_pkg/package.dsv
[1.374s] -- Installing: /home/khanh/Documents/ros2_basic/ros2_ws/install/my_cpp_pkg/share/ament_index/resource_index/packages/my_cpp_pkg
[1.374s] -- Installing: /home/khanh/Documents/ros2_basic/ros2_ws/install/my_cpp_pkg/share/my_cpp_pkg/cmake/my_cpp_pkgConfig.cmake
[1.374s] -- Installing: /home/khanh/Documents/ros2_basic/ros2_ws/install/my_cpp_pkg/share/my_cpp_pkg/cmake/my_cpp_pkgConfig-version.cmake
[1.375s] -- Installing: /home/khanh/Documents/ros2_basic/ros2_ws/install/my_cpp_pkg/share/my_cpp_pkg/package.xml
[1.376s] Invoked command in '/home/khanh/Documents/ros2_basic/ros2_ws/build/my_cpp_pkg' returned '0': CMAKE_PREFIX_PATH=${CMAKE_PREFIX_PATH}:/home/khanh/Documents/ros2_basic/ros2_ws/install/my_py_pkg:/opt/ros/humble CONDA_PROMPT_MODIFIER=(base) /usr/bin/cmake --install /home/khanh/Documents/ros2_basic/ros2_ws/build/my_cpp_pkg
