[0.464s] Invoking command in '/home/khanh/Documents/ros2_basic/ros2_ws/src/my_py_pkg': CONDA_PROMPT_MODIFIER=(base) PYTHONPATH=/home/khanh/Documents/ros2_basic/ros2_ws/build/my_py_pkg/prefix_override:/home/khanh/Documents/ros2_basic/ros2_ws/install/my_py_pkg/lib/python3.10/site-packages:${PYTHONPATH} /usr/bin/python3 setup.py egg_info --egg-base ../../build/my_py_pkg build --build-base /home/khanh/Documents/ros2_basic/ros2_ws/build/my_py_pkg/build install --record /home/khanh/Documents/ros2_basic/ros2_ws/build/my_py_pkg/install.log --single-version-externally-managed
[0.638s] running egg_info
[0.638s] writing ../../build/my_py_pkg/my_py_pkg.egg-info/PKG-INFO
[0.639s] writing dependency_links to ../../build/my_py_pkg/my_py_pkg.egg-info/dependency_links.txt
[0.639s] writing entry points to ../../build/my_py_pkg/my_py_pkg.egg-info/entry_points.txt
[0.639s] writing requirements to ../../build/my_py_pkg/my_py_pkg.egg-info/requires.txt
[0.639s] writing top-level names to ../../build/my_py_pkg/my_py_pkg.egg-info/top_level.txt
[0.640s] reading manifest file '../../build/my_py_pkg/my_py_pkg.egg-info/SOURCES.txt'
[0.641s] writing manifest file '../../build/my_py_pkg/my_py_pkg.egg-info/SOURCES.txt'
[0.641s] running build
[0.641s] running build_py
[0.641s] running install
[0.641s] /usr/lib/python3/dist-packages/setuptools/command/install.py:34: SetuptoolsDeprecationWarning: setup.py install is deprecated. Use build and pip and other standards-based tools.
[0.641s]   warnings.warn(
[0.641s] running install_lib
[0.642s] running install_data
[0.643s] running install_egg_info
[0.644s] removing '/home/khanh/Documents/ros2_basic/ros2_ws/install/my_py_pkg/lib/python3.10/site-packages/my_py_pkg-0.0.0-py3.10.egg-info' (and everything under it)
[0.644s] Copying ../../build/my_py_pkg/my_py_pkg.egg-info to /home/khanh/Documents/ros2_basic/ros2_ws/install/my_py_pkg/lib/python3.10/site-packages/my_py_pkg-0.0.0-py3.10.egg-info
[0.645s] running install_scripts
[0.661s] writing list of installed files to '/home/khanh/Documents/ros2_basic/ros2_ws/build/my_py_pkg/install.log'
[0.688s] Invoked command in '/home/khanh/Documents/ros2_basic/ros2_ws/src/my_py_pkg' returned '0': CONDA_PROMPT_MODIFIER=(base) PYTHONPATH=/home/khanh/Documents/ros2_basic/ros2_ws/build/my_py_pkg/prefix_override:/home/khanh/Documents/ros2_basic/ros2_ws/install/my_py_pkg/lib/python3.10/site-packages:${PYTHONPATH} /usr/bin/python3 setup.py egg_info --egg-base ../../build/my_py_pkg build --build-base /home/khanh/Documents/ros2_basic/ros2_ws/build/my_py_pkg/build install --record /home/khanh/Documents/ros2_basic/ros2_ws/build/my_py_pkg/install.log --single-version-externally-managed
