[0.513s] Invoking command in '/home/khanh/Documents/ros2_basic/ros2_ws/src/my_py_pkg': CONDA_PROMPT_MODIFIER=(base) PYTHONPATH=/home/khanh/Documents/ros2_basic/ros2_ws/build/my_py_pkg/prefix_override:/home/khanh/Documents/ros2_basic/ros2_ws/install/my_py_pkg/lib/python3.10/site-packages:${PYTHONPATH} /usr/bin/python3 setup.py egg_info --egg-base ../../build/my_py_pkg build --build-base /home/khanh/Documents/ros2_basic/ros2_ws/build/my_py_pkg/build install --record /home/khanh/Documents/ros2_basic/ros2_ws/build/my_py_pkg/install.log --single-version-externally-managed
[0.690s] running egg_info
[0.690s] writing ../../build/my_py_pkg/my_py_pkg.egg-info/PKG-INFO
[0.690s] writing dependency_links to ../../build/my_py_pkg/my_py_pkg.egg-info/dependency_links.txt
[0.691s] writing entry points to ../../build/my_py_pkg/my_py_pkg.egg-info/entry_points.txt
[0.691s] writing requirements to ../../build/my_py_pkg/my_py_pkg.egg-info/requires.txt
[0.691s] writing top-level names to ../../build/my_py_pkg/my_py_pkg.egg-info/top_level.txt
[0.692s] reading manifest file '../../build/my_py_pkg/my_py_pkg.egg-info/SOURCES.txt'
[0.693s] writing manifest file '../../build/my_py_pkg/my_py_pkg.egg-info/SOURCES.txt'
[0.693s] running build
[0.693s] running build_py
[0.693s] copying my_py_pkg/my_first_node.py -> /home/khanh/Documents/ros2_basic/ros2_ws/build/my_py_pkg/build/lib/my_py_pkg
[0.694s] running install
[0.695s] /usr/lib/python3/dist-packages/setuptools/command/install.py:34: SetuptoolsDeprecationWarning: setup.py install is deprecated. Use build and pip and other standards-based tools.
[0.695s]   warnings.warn(
[0.695s] running install_lib
[0.695s] copying /home/khanh/Documents/ros2_basic/ros2_ws/build/my_py_pkg/build/lib/my_py_pkg/my_first_node.py -> /home/khanh/Documents/ros2_basic/ros2_ws/install/my_py_pkg/lib/python3.10/site-packages/my_py_pkg
[0.696s] byte-compiling /home/khanh/Documents/ros2_basic/ros2_ws/install/my_py_pkg/lib/python3.10/site-packages/my_py_pkg/my_first_node.py to my_first_node.cpython-310.pyc
[0.696s] running install_data
[0.696s] running install_egg_info
[0.698s] removing '/home/khanh/Documents/ros2_basic/ros2_ws/install/my_py_pkg/lib/python3.10/site-packages/my_py_pkg-0.0.0-py3.10.egg-info' (and everything under it)
[0.698s] Copying ../../build/my_py_pkg/my_py_pkg.egg-info to /home/khanh/Documents/ros2_basic/ros2_ws/install/my_py_pkg/lib/python3.10/site-packages/my_py_pkg-0.0.0-py3.10.egg-info
[0.698s] running install_scripts
[0.717s] writing list of installed files to '/home/khanh/Documents/ros2_basic/ros2_ws/build/my_py_pkg/install.log'
[0.746s] Invoked command in '/home/khanh/Documents/ros2_basic/ros2_ws/src/my_py_pkg' returned '0': CONDA_PROMPT_MODIFIER=(base) PYTHONPATH=/home/khanh/Documents/ros2_basic/ros2_ws/build/my_py_pkg/prefix_override:/home/khanh/Documents/ros2_basic/ros2_ws/install/my_py_pkg/lib/python3.10/site-packages:${PYTHONPATH} /usr/bin/python3 setup.py egg_info --egg-base ../../build/my_py_pkg build --build-base /home/khanh/Documents/ros2_basic/ros2_ws/build/my_py_pkg/build install --record /home/khanh/Documents/ros2_basic/ros2_ws/build/my_py_pkg/install.log --single-version-externally-managed
