[0.014s] Invoking command in '/home/khanh/Documents/ros2_basic/ros2_ws/build/my_cpp_pkg': CMAKE_PREFIX_PATH=${CMAKE_PREFIX_PATH}:/home/khanh/Documents/ros2_basic/ros2_ws/install/my_py_pkg:/opt/ros/humble CONDA_PROMPT_MODIFIER=(base) /usr/bin/cmake /home/khanh/Documents/ros2_basic/ros2_ws/src/my_cpp_pkg -DAMENT_CMAKE_SYMLINK_INSTALL=1 -DCMAKE_INSTALL_PREFIX=/home/khanh/Documents/ros2_basic/ros2_ws/install/my_cpp_pkg
[0.039s] -- Found ament_cmake: 1.3.3 (/opt/ros/humble/share/ament_cmake/cmake)
[0.176s] -- Override CMake install command with custom implementation using symlinks instead of copying resources
[0.196s] -- Found rclcpp: 16.0.3 (/opt/ros/humble/share/rclcpp/cmake)
[0.238s] -- Found rosidl_generator_c: 3.1.4 (/opt/ros/humble/share/rosidl_generator_c/cmake)
[0.241s] -- Found rosidl_adapter: 3.1.4 (/opt/ros/humble/share/rosidl_adapter/cmake)
[0.250s] -- Found rosidl_generator_cpp: 3.1.4 (/opt/ros/humble/share/rosidl_generator_cpp/cmake)
[0.264s] -- Using all available rosidl_typesupport_c: rosidl_typesupport_fastrtps_c;rosidl_typesupport_introspection_c
[0.282s] -- Using all available rosidl_typesupport_cpp: rosidl_typesupport_fastrtps_cpp;rosidl_typesupport_introspection_cpp
[0.349s] -- Found rmw_implementation_cmake: 6.1.1 (/opt/ros/humble/share/rmw_implementation_cmake/cmake)
[0.352s] -- Found rmw_fastrtps_cpp: 6.2.2 (/opt/ros/humble/share/rmw_fastrtps_cpp/cmake)
[0.482s] -- Using RMW implementation 'rmw_fastrtps_cpp' as default
[0.649s] -- Found ament_lint_auto: 0.12.5 (/opt/ros/humble/share/ament_lint_auto/cmake)
[0.717s] -- Added test 'cppcheck' to perform static code analysis on C / C++ code
[0.717s] -- Configured cppcheck include dirs: 
[0.717s] -- Configured cppcheck exclude dirs and/or files: 
[0.718s] -- Added test 'lint_cmake' to check CMake code style
[0.719s] -- Added test 'uncrustify' to check C / C++ code style
[0.719s] -- Configured uncrustify additional arguments: 
[0.720s] -- Added test 'xmllint' to check XML markup files
[0.722s] -- Configuring done
[0.734s] -- Generating done
[0.735s] -- Build files have been written to: /home/khanh/Documents/ros2_basic/ros2_ws/build/my_cpp_pkg
[0.743s] Invoked command in '/home/khanh/Documents/ros2_basic/ros2_ws/build/my_cpp_pkg' returned '0': CMAKE_PREFIX_PATH=${CMAKE_PREFIX_PATH}:/home/khanh/Documents/ros2_basic/ros2_ws/install/my_py_pkg:/opt/ros/humble CONDA_PROMPT_MODIFIER=(base) /usr/bin/cmake /home/khanh/Documents/ros2_basic/ros2_ws/src/my_cpp_pkg -DAMENT_CMAKE_SYMLINK_INSTALL=1 -DCMAKE_INSTALL_PREFIX=/home/khanh/Documents/ros2_basic/ros2_ws/install/my_cpp_pkg
[0.745s] Invoking command in '/home/khanh/Documents/ros2_basic/ros2_ws/build/my_cpp_pkg': CMAKE_PREFIX_PATH=${CMAKE_PREFIX_PATH}:/home/khanh/Documents/ros2_basic/ros2_ws/install/my_py_pkg:/opt/ros/humble CONDA_PROMPT_MODIFIER=(base) /usr/bin/cmake --build /home/khanh/Documents/ros2_basic/ros2_ws/build/my_cpp_pkg -- -j12 -l12
[0.791s] [ 50%] [32mBuilding CXX object CMakeFiles/cpp_node_exec.dir/src/my_first_node.cpp.o[0m
[3.435s] [100%] [32m[1mLinking CXX executable cpp_node_exec[0m
[3.591s] [100%] Built target cpp_node_exec
[3.600s] Invoked command in '/home/khanh/Documents/ros2_basic/ros2_ws/build/my_cpp_pkg' returned '0': CMAKE_PREFIX_PATH=${CMAKE_PREFIX_PATH}:/home/khanh/Documents/ros2_basic/ros2_ws/install/my_py_pkg:/opt/ros/humble CONDA_PROMPT_MODIFIER=(base) /usr/bin/cmake --build /home/khanh/Documents/ros2_basic/ros2_ws/build/my_cpp_pkg -- -j12 -l12
[3.631s] Invoking command in '/home/khanh/Documents/ros2_basic/ros2_ws/build/my_cpp_pkg': CMAKE_PREFIX_PATH=${CMAKE_PREFIX_PATH}:/home/khanh/Documents/ros2_basic/ros2_ws/install/my_py_pkg:/opt/ros/humble CONDA_PROMPT_MODIFIER=(base) /usr/bin/cmake --install /home/khanh/Documents/ros2_basic/ros2_ws/build/my_cpp_pkg
[3.637s] -- Install configuration: ""
[3.637s] -- Execute custom install script
[3.638s] -- Symlinking: /home/khanh/Documents/ros2_basic/ros2_ws/install/my_cpp_pkg/lib/my_cpp_pkg/cpp_node_exec
[3.645s] -- Symlinking: /home/khanh/Documents/ros2_basic/ros2_ws/install/my_cpp_pkg/share/ament_index/resource_index/package_run_dependencies/my_cpp_pkg
[3.652s] -- Symlinking: /home/khanh/Documents/ros2_basic/ros2_ws/install/my_cpp_pkg/share/ament_index/resource_index/parent_prefix_path/my_cpp_pkg
[3.661s] -- Symlinking: /home/khanh/Documents/ros2_basic/ros2_ws/install/my_cpp_pkg/share/my_cpp_pkg/environment/ament_prefix_path.sh
[3.668s] -- Symlinking: /home/khanh/Documents/ros2_basic/ros2_ws/install/my_cpp_pkg/share/my_cpp_pkg/environment/ament_prefix_path.dsv
[3.676s] -- Symlinking: /home/khanh/Documents/ros2_basic/ros2_ws/install/my_cpp_pkg/share/my_cpp_pkg/environment/path.sh
[3.684s] -- Symlinking: /home/khanh/Documents/ros2_basic/ros2_ws/install/my_cpp_pkg/share/my_cpp_pkg/environment/path.dsv
[3.692s] -- Symlinking: /home/khanh/Documents/ros2_basic/ros2_ws/install/my_cpp_pkg/share/my_cpp_pkg/local_setup.bash
[3.698s] -- Symlinking: /home/khanh/Documents/ros2_basic/ros2_ws/install/my_cpp_pkg/share/my_cpp_pkg/local_setup.sh
[3.705s] -- Symlinking: /home/khanh/Documents/ros2_basic/ros2_ws/install/my_cpp_pkg/share/my_cpp_pkg/local_setup.zsh
[3.712s] -- Symlinking: /home/khanh/Documents/ros2_basic/ros2_ws/install/my_cpp_pkg/share/my_cpp_pkg/local_setup.dsv
[3.724s] -- Symlinking: /home/khanh/Documents/ros2_basic/ros2_ws/install/my_cpp_pkg/share/my_cpp_pkg/package.dsv
[3.733s] -- Symlinking: /home/khanh/Documents/ros2_basic/ros2_ws/install/my_cpp_pkg/share/ament_index/resource_index/packages/my_cpp_pkg
[3.741s] -- Symlinking: /home/khanh/Documents/ros2_basic/ros2_ws/install/my_cpp_pkg/share/my_cpp_pkg/cmake/my_cpp_pkgConfig.cmake
[3.749s] -- Symlinking: /home/khanh/Documents/ros2_basic/ros2_ws/install/my_cpp_pkg/share/my_cpp_pkg/cmake/my_cpp_pkgConfig-version.cmake
[3.759s] -- Symlinking: /home/khanh/Documents/ros2_basic/ros2_ws/install/my_cpp_pkg/share/my_cpp_pkg/package.xml
[3.775s] Invoked command in '/home/khanh/Documents/ros2_basic/ros2_ws/build/my_cpp_pkg' returned '0': CMAKE_PREFIX_PATH=${CMAKE_PREFIX_PATH}:/home/khanh/Documents/ros2_basic/ros2_ws/install/my_py_pkg:/opt/ros/humble CONDA_PROMPT_MODIFIER=(base) /usr/bin/cmake --install /home/khanh/Documents/ros2_basic/ros2_ws/build/my_cpp_pkg
